<html xmlns:math="http://exslt.org/math" xmlns:testng="http://testng.org">
   <head>
      <title>TestNG Results</title>
      <meta http-equiv="content-type" content="text/html; charset=utf-8"></meta>
      <meta http-equiv="pragma" content="no-cache"></meta>
      <meta http-equiv="cache-control" content="max-age=0"></meta>
      <meta http-equiv="cache-control" content="no-cache"></meta>
      <meta http-equiv="cache-control" content="no-store"></meta>
      <LINK rel="stylesheet" href="style.css"></LINK>
      <script type="text/javascript" src="main.js"></script>
   </head>
   <body>
      <table width="100%" style="font-size: 16px; margin-bottom: 10px;" cellspacing="1">
         <tr>
            <td width="100%">
               All methods in suite
               
               <b>Default suite</b>
            </td>
            <td style="background-color: #FFBBBB; padding: 3px 3px 3px 0;" align="center">
               <div style="width: 50px;">0</div>
            </td>
            <td style="background-color: lightgreen; padding: 3px 3px 3px 0;" align="center">
               <div style="width: 50px;">0</div>
            </td>
            <td style="background-color: #FFFFBB; padding: 3px 3px 3px 0;" align="center">
               <div style="width: 50px;">3</div>
            </td>
            <td align="center" style="background-color: #eaf0f7; padding: 3px 3px 3px 0;">
               <div style="width: 50px;">3</div>
            </td>
            <td align="center"
                style="font-weight: bold; background-color: #eaf0f7; padding: 3px 3px 3px 0;">
               <div style="width: 50px;">0%</div>
            </td>
            <td style="background-color: #eaf0f7; padding: 3px 3px 3px 0;" align="center"
                nowrap="true">8s
               
            </td>
         </tr>
      </table>
      <div style="width: 200px;">
         <label for="groupMethodsCheckBox" style="font-weight: bold; margin: 0;">
            <input id="groupMethodsCheckBox" type="checkbox" onclick="switchTestMethodsView(this)"
                   checked=""></input>
            Group by class
            
         </label>
         <br></br>
         <label for="methodsFilter_ALL" style="font-weight: bold; margin: 0;">
            <input id="methodsFilter_ALL" type="checkbox"
                   onclick="testMethodsFilterChanged(this, 'ALL')"
                   checked=""></input>
            All
            
         </label>
      </div>
      <label for="methodsFilter_FAIL" style="margin-left: 20px;">
         <input id="methodsFilter_FAIL" type="checkbox"
                onclick="testMethodsFilterChanged(this, 'FAIL')"
                checked=""></input>
         Failed
         
      </label>
      <label for="methodsFilter_PASS">
         <input id="methodsFilter_PASS" type="checkbox"
                onclick="testMethodsFilterChanged(this, 'PASS')"
                checked=""></input>
         Passed
         
      </label>
      <label for="methodsFilter_SKIP">
         <input id="methodsFilter_SKIP" type="checkbox"
                onclick="testMethodsFilterChanged(this, 'SKIP')"
                checked=""></input>
         Skipped
         
      </label>
      <label for="methodsFilter_CONF">
         <input id="methodsFilter_CONF" type="checkbox"
                onclick="testMethodsFilterChanged(this, 'CONF')"
                checked=""></input>
         Config
         
      </label>
      <br></br>
      <div id="testMethodsByStatus" style="display: none;">
         <table class="testMethodsTable" cellpadding="0" cellspacing="0">
            <tr class="methodsTableHeader">
               <td width="100%">Name</td>
               <td nowrap="true">Started</td>
               <td nowrap="true">Duration</td>
               <td>Exception</td>
            </tr>
            <tr id="orrangehrm.OrrangeHrm_startBrowser_byStatus_failed_FAIL1_row"
                class="testMethodStatusFAIL testMethodStatusCONF">
               <td width="100%" class="firstMethodCell">
                  <a onclick="toggleDetailsVisibility('orrangehrm.OrrangeHrm_startBrowser_byStatus_failed_FAIL1_details')">startBrowser()</a>
               </td>
               <td nowrap="true">11:10:35</td>
               <td nowrap="true" align="right">8s
                  
               </td>
               <td nowrap="true">
                  <a onclick="toggleDetailsVisibility('orrangehrm.OrrangeHrm_startBrowser_byStatus_failed_FAIL1_exception')">org.openqa.selenium.WebDriverException: 
                     Failed to find width field
                     Build info: version: '3.4.0', revision: 'unknown', time: 'unknown'
                     System info: host: 'KABIR', ip: '192.168.2.5', os.name: 'Windows 8.1', os.arch: 'amd64', os.version: '6.3', java.version:
                     '1.8.0_121'
                     Driver info: org.openqa.selenium.firefox.FirefoxDriver
                     Capabilities [{moz:profile=C:\Users\KABIRA~1\AppData\Local\Temp\rust_mozprofile.ZKz2hhRsHqrL, rotatable=false, timeouts={implicit=0.0,
                     pageLoad=300000.0, script=30000.0}, pageLoadStrategy=normal, platform=ANY, specificationLevel=0.0, moz:accessibilityChecks=false,
                     acceptInsecureCerts=false, browserVersion=54.0.1, platformVersion=6.3, moz:processID=5596.0, browserName=firefox, javascriptEnabled=true,
                     platformName=windows_nt}]
                     Session ID: 8f8ad5b2-cc02-4f77-9b51-654265bb0ac0
                     
                  </a>
                   
                  
               </td>
            </tr>
            <tr>
               <td colspan="4" class="detailsBox">
                  <div id="orrangehrm.OrrangeHrm_startBrowser_byStatus_failed_FAIL1_details"
                       class="testMethodDetails">
                     <div>
                        <b>Name: </b>startBrowser
                     </div>
                     <div>
                        <b>Signature: </b>startBrowser()[pri:0, instance:orrangehrm.OrrangeHrm@3c756e4d]
                     </div>
                     <div>
                        <b>Start time: </b>11:10:35
                     </div>
                     <div>
                        <b>End time: </b>11:10:43
                     </div>
                     <div>
                        <b>Duration: </b>8s
                        
                     </div>
                  </div>
               </td>
            </tr>
            <tr>
               <td colspan="4" class="detailsBox">
                  <div id="orrangehrm.OrrangeHrm_startBrowser_byStatus_failed_FAIL1_exception"
                       class="testMethodDetails">
                     <pre style="padding: 5px; margin: 0;">org.openqa.selenium.WebDriverException: Failed to find width field
                        Build info: version: '3.4.0', revision: 'unknown', time: 'unknown'
                        System info: host: 'KABIR', ip: '192.168.2.5', os.name: 'Windows 8.1', os.arch: 'amd64', os.version: '6.3', java.version:
                        '1.8.0_121'
                        Driver info: org.openqa.selenium.firefox.FirefoxDriver
                        Capabilities [{moz:profile=C:\Users\KABIRA~1\AppData\Local\Temp\rust_mozprofile.ZKz2hhRsHqrL, rotatable=false, timeouts={implicit=0.0,
                        pageLoad=300000.0, script=30000.0}, pageLoadStrategy=normal, platform=ANY, specificationLevel=0.0, moz:accessibilityChecks=false,
                        acceptInsecureCerts=false, browserVersion=54.0.1, platformVersion=6.3, moz:processID=5596.0, browserName=firefox, javascriptEnabled=true,
                        platformName=windows_nt}]
                        Session ID: 8f8ad5b2-cc02-4f77-9b51-654265bb0ac0
                        	at sun.reflect.NativeConstructorAccessorImpl.newInstance0(Native Method)
                        	at sun.reflect.NativeConstructorAccessorImpl.newInstance(Unknown Source)
                        	at sun.reflect.DelegatingConstructorAccessorImpl.newInstance(Unknown Source)
                        	at java.lang.reflect.Constructor.newInstance(Unknown Source)
                        	at org.openqa.selenium.remote.http.W3CHttpResponseCodec.createException(W3CHttpResponseCodec.java:150)
                        	at org.openqa.selenium.remote.http.W3CHttpResponseCodec.decode(W3CHttpResponseCodec.java:115)
                        	at org.openqa.selenium.remote.http.W3CHttpResponseCodec.decode(W3CHttpResponseCodec.java:45)
                        	at org.openqa.selenium.remote.HttpCommandExecutor.execute(HttpCommandExecutor.java:164)
                        	at org.openqa.selenium.remote.service.DriverCommandExecutor.execute(DriverCommandExecutor.java:82)
                        	at org.openqa.selenium.remote.RemoteWebDriver.execute(RemoteWebDriver.java:637)
                        	at org.openqa.selenium.remote.RemoteWebDriver.execute(RemoteWebDriver.java:694)
                        	at org.openqa.selenium.remote.RemoteWebDriver$RemoteWebDriverOptions$RemoteWindow.maximize(RemoteWebDriver.java:925)
                        	at orrangehrm.OrrangeHrm.startBrowser(OrrangeHrm.java:18)
                        	at sun.reflect.NativeMethodAccessorImpl.invoke0(Native Method)
                        	at sun.reflect.NativeMethodAccessorImpl.invoke(Unknown Source)
                        	at sun.reflect.DelegatingMethodAccessorImpl.invoke(Unknown Source)
                        	at java.lang.reflect.Method.invoke(Unknown Source)
                        	at org.testng.internal.MethodInvocationHelper.invokeMethod(MethodInvocationHelper.java:108)
                        	at org.testng.internal.Invoker.invokeConfigurationMethod(Invoker.java:523)
                        	at org.testng.internal.Invoker.invokeConfigurations(Invoker.java:224)
                        	at org.testng.internal.Invoker.invokeConfigurations(Invoker.java:146)
                        	at org.testng.internal.TestMethodWorker.invokeBeforeClassMethods(TestMethodWorker.java:166)
                        	at org.testng.internal.TestMethodWorker.run(TestMethodWorker.java:105)
                        	at org.testng.TestRunner.privateRun(TestRunner.java:744)
                        	at org.testng.TestRunner.run(TestRunner.java:602)
                        	at org.testng.SuiteRunner.runTest(SuiteRunner.java:380)
                        	at org.testng.SuiteRunner.runSequentially(SuiteRunner.java:375)
                        	at org.testng.SuiteRunner.privateRun(SuiteRunner.java:340)
                        	at org.testng.SuiteRunner.run(SuiteRunner.java:289)
                        	at org.testng.SuiteRunnerWorker.runSuite(SuiteRunnerWorker.java:52)
                        	at org.testng.SuiteRunnerWorker.run(SuiteRunnerWorker.java:86)
                        	at org.testng.TestNG.runSuitesSequentially(TestNG.java:1301)
                        	at org.testng.TestNG.runSuitesLocally(TestNG.java:1226)
                        	at org.testng.TestNG.runSuites(TestNG.java:1144)
                        	at org.testng.TestNG.run(TestNG.java:1115)
                        	at org.testng.remote.AbstractRemoteTestNG.run(AbstractRemoteTestNG.java:132)
                        	at org.testng.remote.RemoteTestNG.initAndRun(RemoteTestNG.java:230)
                        	at org.testng.remote.RemoteTestNG.main(RemoteTestNG.java:76)
                     </pre>
                  </div>
               </td>
            </tr>
            <tr id="orrangehrm.OrrangeHrm_startApp_byStatus_skiped_SKIP1_row"
                class="testMethodStatusSKIP">
               <td width="100%" class="firstMethodCell">
                  <a onclick="toggleDetailsVisibility('orrangehrm.OrrangeHrm_startApp_byStatus_skiped_SKIP1_details')">startApp()</a>
               </td>
               <td nowrap="true">11:10:43</td>
               <td nowrap="true" align="right">0 ms
                  
               </td>
               <td nowrap="true">
                  <a onclick="toggleDetailsVisibility('orrangehrm.OrrangeHrm_startApp_byStatus_skiped_SKIP1_exception')">org.openqa.selenium.WebDriverException: 
                     Failed to find width field
                     Build info: version: '3.4.0', revision: 'unknown', time: 'unknown'
                     System info: host: 'KABIR', ip: '192.168.2.5', os.name: 'Windows 8.1', os.arch: 'amd64', os.version: '6.3', java.version:
                     '1.8.0_121'
                     Driver info: org.openqa.selenium.firefox.FirefoxDriver
                     Capabilities [{moz:profile=C:\Users\KABIRA~1\AppData\Local\Temp\rust_mozprofile.ZKz2hhRsHqrL, rotatable=false, timeouts={implicit=0.0,
                     pageLoad=300000.0, script=30000.0}, pageLoadStrategy=normal, platform=ANY, specificationLevel=0.0, moz:accessibilityChecks=false,
                     acceptInsecureCerts=false, browserVersion=54.0.1, platformVersion=6.3, moz:processID=5596.0, browserName=firefox, javascriptEnabled=true,
                     platformName=windows_nt}]
                     Session ID: 8f8ad5b2-cc02-4f77-9b51-654265bb0ac0
                     
                  </a>
                   
                  
               </td>
            </tr>
            <tr>
               <td colspan="4" class="detailsBox">
                  <div id="orrangehrm.OrrangeHrm_startApp_byStatus_skiped_SKIP1_details"
                       class="testMethodDetails">
                     <div>
                        <b>Name: </b>startApp
                     </div>
                     <div>
                        <b>Signature: </b>startApp()[pri:0, instance:orrangehrm.OrrangeHrm@3c756e4d]
                     </div>
                     <div>
                        <b>Start time: </b>11:10:43
                     </div>
                     <div>
                        <b>End time: </b>11:10:43
                     </div>
                     <div>
                        <b>Duration: </b>0 ms
                        
                     </div>
                  </div>
               </td>
            </tr>
            <tr>
               <td colspan="4" class="detailsBox">
                  <div id="orrangehrm.OrrangeHrm_startApp_byStatus_skiped_SKIP1_exception"
                       class="testMethodDetails">
                     <pre style="padding: 5px; margin: 0;">org.openqa.selenium.WebDriverException: Failed to find width field
                        Build info: version: '3.4.0', revision: 'unknown', time: 'unknown'
                        System info: host: 'KABIR', ip: '192.168.2.5', os.name: 'Windows 8.1', os.arch: 'amd64', os.version: '6.3', java.version:
                        '1.8.0_121'
                        Driver info: org.openqa.selenium.firefox.FirefoxDriver
                        Capabilities [{moz:profile=C:\Users\KABIRA~1\AppData\Local\Temp\rust_mozprofile.ZKz2hhRsHqrL, rotatable=false, timeouts={implicit=0.0,
                        pageLoad=300000.0, script=30000.0}, pageLoadStrategy=normal, platform=ANY, specificationLevel=0.0, moz:accessibilityChecks=false,
                        acceptInsecureCerts=false, browserVersion=54.0.1, platformVersion=6.3, moz:processID=5596.0, browserName=firefox, javascriptEnabled=true,
                        platformName=windows_nt}]
                        Session ID: 8f8ad5b2-cc02-4f77-9b51-654265bb0ac0
                        	at sun.reflect.NativeConstructorAccessorImpl.newInstance0(Native Method)
                        	at sun.reflect.NativeConstructorAccessorImpl.newInstance(Unknown Source)
                        	at sun.reflect.DelegatingConstructorAccessorImpl.newInstance(Unknown Source)
                        	at java.lang.reflect.Constructor.newInstance(Unknown Source)
                        	at org.openqa.selenium.remote.http.W3CHttpResponseCodec.createException(W3CHttpResponseCodec.java:150)
                        	at org.openqa.selenium.remote.http.W3CHttpResponseCodec.decode(W3CHttpResponseCodec.java:115)
                        	at org.openqa.selenium.remote.http.W3CHttpResponseCodec.decode(W3CHttpResponseCodec.java:45)
                        	at org.openqa.selenium.remote.HttpCommandExecutor.execute(HttpCommandExecutor.java:164)
                        	at org.openqa.selenium.remote.service.DriverCommandExecutor.execute(DriverCommandExecutor.java:82)
                        	at org.openqa.selenium.remote.RemoteWebDriver.execute(RemoteWebDriver.java:637)
                        	at org.openqa.selenium.remote.RemoteWebDriver.execute(RemoteWebDriver.java:694)
                        	at org.openqa.selenium.remote.RemoteWebDriver$RemoteWebDriverOptions$RemoteWindow.maximize(RemoteWebDriver.java:925)
                        	at orrangehrm.OrrangeHrm.startBrowser(OrrangeHrm.java:18)
                        	at sun.reflect.NativeMethodAccessorImpl.invoke0(Native Method)
                        	at sun.reflect.NativeMethodAccessorImpl.invoke(Unknown Source)
                        	at sun.reflect.DelegatingMethodAccessorImpl.invoke(Unknown Source)
                        	at java.lang.reflect.Method.invoke(Unknown Source)
                        	at org.testng.internal.MethodInvocationHelper.invokeMethod(MethodInvocationHelper.java:108)
                        	at org.testng.internal.Invoker.invokeConfigurationMethod(Invoker.java:523)
                        	at org.testng.internal.Invoker.invokeConfigurations(Invoker.java:224)
                        	at org.testng.internal.Invoker.invokeConfigurations(Invoker.java:146)
                        	at org.testng.internal.TestMethodWorker.invokeBeforeClassMethods(TestMethodWorker.java:166)
                        	at org.testng.internal.TestMethodWorker.run(TestMethodWorker.java:105)
                        	at org.testng.TestRunner.privateRun(TestRunner.java:744)
                        	at org.testng.TestRunner.run(TestRunner.java:602)
                        	at org.testng.SuiteRunner.runTest(SuiteRunner.java:380)
                        	at org.testng.SuiteRunner.runSequentially(SuiteRunner.java:375)
                        	at org.testng.SuiteRunner.privateRun(SuiteRunner.java:340)
                        	at org.testng.SuiteRunner.run(SuiteRunner.java:289)
                        	at org.testng.SuiteRunnerWorker.runSuite(SuiteRunnerWorker.java:52)
                        	at org.testng.SuiteRunnerWorker.run(SuiteRunnerWorker.java:86)
                        	at org.testng.TestNG.runSuitesSequentially(TestNG.java:1301)
                        	at org.testng.TestNG.runSuitesLocally(TestNG.java:1226)
                        	at org.testng.TestNG.runSuites(TestNG.java:1144)
                        	at org.testng.TestNG.run(TestNG.java:1115)
                        	at org.testng.remote.AbstractRemoteTestNG.run(AbstractRemoteTestNG.java:132)
                        	at org.testng.remote.RemoteTestNG.initAndRun(RemoteTestNG.java:230)
                        	at org.testng.remote.RemoteTestNG.main(RemoteTestNG.java:76)
                     </pre>
                  </div>
               </td>
            </tr>
            <tr id="orrangehrm.OrrangeHrm_loginApp_byStatus_skiped_SKIP2_row"
                class="testMethodStatusSKIP">
               <td width="100%" class="firstMethodCell">
                  <a onclick="toggleDetailsVisibility('orrangehrm.OrrangeHrm_loginApp_byStatus_skiped_SKIP2_details')">loginApp()</a>
               </td>
               <td nowrap="true">11:10:43</td>
               <td nowrap="true" align="right">0 ms
                  
               </td>
               <td nowrap="true">
                  <a onclick="toggleDetailsVisibility('orrangehrm.OrrangeHrm_loginApp_byStatus_skiped_SKIP2_exception')">java.lang.Throwable: 
                     Method OrrangeHrm.loginApp()[pri:0, instance:orrangehrm.OrrangeHrm@3c756e4d] depends on not successfully finished methods
                     
                  </a>
                   
                  
               </td>
            </tr>
            <tr>
               <td colspan="4" class="detailsBox">
                  <div id="orrangehrm.OrrangeHrm_loginApp_byStatus_skiped_SKIP2_details"
                       class="testMethodDetails">
                     <div>
                        <b>Name: </b>loginApp
                     </div>
                     <div>
                        <b>Signature: </b>loginApp()[pri:0, instance:orrangehrm.OrrangeHrm@3c756e4d]
                     </div>
                     <div>
                        <b>Start time: </b>11:10:43
                     </div>
                     <div>
                        <b>End time: </b>11:10:43
                     </div>
                     <div>
                        <b>Duration: </b>0 ms
                        
                     </div>
                     <div>
                        <b>Depends on methods:
                           
                        </b>
                        <div>
                               -
                           orrangehrm.OrrangeHrm.startApp
                        </div>
                     </div>
                  </div>
               </td>
            </tr>
            <tr>
               <td colspan="4" class="detailsBox">
                  <div id="orrangehrm.OrrangeHrm_loginApp_byStatus_skiped_SKIP2_exception"
                       class="testMethodDetails">
                     <pre style="padding: 5px; margin: 0;">java.lang.Throwable: Method OrrangeHrm.loginApp()[pri:0, instance:orrangehrm.OrrangeHrm@3c756e4d] depends on not successfully
                        finished methods
                        	at org.testng.internal.Invoker.invokeTestMethods(Invoker.java:1084)
                        	at org.testng.internal.TestMethodWorker.invokeTestMethods(TestMethodWorker.java:126)
                        	at org.testng.internal.TestMethodWorker.run(TestMethodWorker.java:109)
                        	at org.testng.TestRunner.privateRun(TestRunner.java:744)
                        	at org.testng.TestRunner.run(TestRunner.java:602)
                        	at org.testng.SuiteRunner.runTest(SuiteRunner.java:380)
                        	at org.testng.SuiteRunner.runSequentially(SuiteRunner.java:375)
                        	at org.testng.SuiteRunner.privateRun(SuiteRunner.java:340)
                        	at org.testng.SuiteRunner.run(SuiteRunner.java:289)
                        	at org.testng.SuiteRunnerWorker.runSuite(SuiteRunnerWorker.java:52)
                        	at org.testng.SuiteRunnerWorker.run(SuiteRunnerWorker.java:86)
                        	at org.testng.TestNG.runSuitesSequentially(TestNG.java:1301)
                        	at org.testng.TestNG.runSuitesLocally(TestNG.java:1226)
                        	at org.testng.TestNG.runSuites(TestNG.java:1144)
                        	at org.testng.TestNG.run(TestNG.java:1115)
                        	at org.testng.remote.AbstractRemoteTestNG.run(AbstractRemoteTestNG.java:132)
                        	at org.testng.remote.RemoteTestNG.initAndRun(RemoteTestNG.java:230)
                        	at org.testng.remote.RemoteTestNG.main(RemoteTestNG.java:76)
                     </pre>
                  </div>
               </td>
            </tr>
            <tr id="orrangehrm.OrrangeHrm_logoutApp_byStatus_skiped_SKIP3_row"
                class="testMethodStatusSKIP">
               <td width="100%" class="firstMethodCell">
                  <a onclick="toggleDetailsVisibility('orrangehrm.OrrangeHrm_logoutApp_byStatus_skiped_SKIP3_details')">logoutApp()</a>
               </td>
               <td nowrap="true">11:10:43</td>
               <td nowrap="true" align="right">0 ms
                  
               </td>
               <td nowrap="true">
                  <a onclick="toggleDetailsVisibility('orrangehrm.OrrangeHrm_logoutApp_byStatus_skiped_SKIP3_exception')">java.lang.Throwable: 
                     Method OrrangeHrm.logoutApp()[pri:0, instance:orrangehrm.OrrangeHrm@3c756e4d] depends on not successfully finished methods
                     
                  </a>
                   
                  
               </td>
            </tr>
            <tr>
               <td colspan="4" class="detailsBox">
                  <div id="orrangehrm.OrrangeHrm_logoutApp_byStatus_skiped_SKIP3_details"
                       class="testMethodDetails">
                     <div>
                        <b>Name: </b>logoutApp
                     </div>
                     <div>
                        <b>Signature: </b>logoutApp()[pri:0, instance:orrangehrm.OrrangeHrm@3c756e4d]
                     </div>
                     <div>
                        <b>Start time: </b>11:10:43
                     </div>
                     <div>
                        <b>End time: </b>11:10:43
                     </div>
                     <div>
                        <b>Duration: </b>0 ms
                        
                     </div>
                     <div>
                        <b>Depends on methods:
                           
                        </b>
                        <div>
                               -
                           orrangehrm.OrrangeHrm.loginApp
                        </div>
                     </div>
                  </div>
               </td>
            </tr>
            <tr>
               <td colspan="4" class="detailsBox">
                  <div id="orrangehrm.OrrangeHrm_logoutApp_byStatus_skiped_SKIP3_exception"
                       class="testMethodDetails">
                     <pre style="padding: 5px; margin: 0;">java.lang.Throwable: Method OrrangeHrm.logoutApp()[pri:0, instance:orrangehrm.OrrangeHrm@3c756e4d] depends on not successfully
                        finished methods
                        	at org.testng.internal.Invoker.invokeTestMethods(Invoker.java:1084)
                        	at org.testng.internal.TestMethodWorker.invokeTestMethods(TestMethodWorker.java:126)
                        	at org.testng.internal.TestMethodWorker.run(TestMethodWorker.java:109)
                        	at org.testng.TestRunner.privateRun(TestRunner.java:744)
                        	at org.testng.TestRunner.run(TestRunner.java:602)
                        	at org.testng.SuiteRunner.runTest(SuiteRunner.java:380)
                        	at org.testng.SuiteRunner.runSequentially(SuiteRunner.java:375)
                        	at org.testng.SuiteRunner.privateRun(SuiteRunner.java:340)
                        	at org.testng.SuiteRunner.run(SuiteRunner.java:289)
                        	at org.testng.SuiteRunnerWorker.runSuite(SuiteRunnerWorker.java:52)
                        	at org.testng.SuiteRunnerWorker.run(SuiteRunnerWorker.java:86)
                        	at org.testng.TestNG.runSuitesSequentially(TestNG.java:1301)
                        	at org.testng.TestNG.runSuitesLocally(TestNG.java:1226)
                        	at org.testng.TestNG.runSuites(TestNG.java:1144)
                        	at org.testng.TestNG.run(TestNG.java:1115)
                        	at org.testng.remote.AbstractRemoteTestNG.run(AbstractRemoteTestNG.java:132)
                        	at org.testng.remote.RemoteTestNG.initAndRun(RemoteTestNG.java:230)
                        	at org.testng.remote.RemoteTestNG.main(RemoteTestNG.java:76)
                     </pre>
                  </div>
               </td>
            </tr>
            <tr id="orrangehrm.OrrangeHrm_closeApp_byStatus_skiped_SKIP4_row"
                class="testMethodStatusSKIP testMethodStatusCONF">
               <td width="100%" class="firstMethodCell">
                  <a onclick="toggleDetailsVisibility('orrangehrm.OrrangeHrm_closeApp_byStatus_skiped_SKIP4_details')">closeApp()</a>
               </td>
               <td nowrap="true">11:10:43</td>
               <td nowrap="true" align="right">0 ms
                  
               </td>
               <td nowrap="true">
                   
                  
               </td>
            </tr>
            <tr>
               <td colspan="4" class="detailsBox">
                  <div id="orrangehrm.OrrangeHrm_closeApp_byStatus_skiped_SKIP4_details"
                       class="testMethodDetails">
                     <div>
                        <b>Name: </b>closeApp
                     </div>
                     <div>
                        <b>Signature: </b>closeApp()[pri:0, instance:orrangehrm.OrrangeHrm@3c756e4d]
                     </div>
                     <div>
                        <b>Start time: </b>11:10:43
                     </div>
                     <div>
                        <b>End time: </b>11:10:43
                     </div>
                     <div>
                        <b>Duration: </b>0 ms
                        
                     </div>
                  </div>
               </td>
            </tr>
            <tr></tr>
         </table>
      </div>
      <div id="testMethodsByClass">
         <table class="testMethodsTable" cellpadding="0" cellspacing="0">
            <tr>
               <td colspan="4">
                  <h3 style="display: inline;">orrangehrm.OrrangeHrm</h3>
               </td>
            </tr>
            <tr class="methodsTableHeader">
               <td width="100%">Name</td>
               <td nowrap="true">Started</td>
               <td nowrap="true">Duration</td>
               <td>Exception</td>
            </tr>
            <tr id="orrangehrm.OrrangeHrm_startBrowser_byClass_FAIL1_row"
                class="testMethodStatusFAIL testMethodStatusCONF">
               <td width="100%" class="firstMethodCell">
                  <a onclick="toggleDetailsVisibility('orrangehrm.OrrangeHrm_startBrowser_byClass_FAIL1_details')">startBrowser()</a>
               </td>
               <td nowrap="true">11:10:35</td>
               <td nowrap="true" align="right">8s
                  
               </td>
               <td nowrap="true">
                  <a onclick="toggleDetailsVisibility('orrangehrm.OrrangeHrm_startBrowser_byClass_FAIL1_exception')">org.openqa.selenium.WebDriverException: 
                     Failed to find width field
                     Build info: version: '3.4.0', revision: 'unknown', time: 'unknown'
                     System info: host: 'KABIR', ip: '192.168.2.5', os.name: 'Windows 8.1', os.arch: 'amd64', os.version: '6.3', java.version:
                     '1.8.0_121'
                     Driver info: org.openqa.selenium.firefox.FirefoxDriver
                     Capabilities [{moz:profile=C:\Users\KABIRA~1\AppData\Local\Temp\rust_mozprofile.ZKz2hhRsHqrL, rotatable=false, timeouts={implicit=0.0,
                     pageLoad=300000.0, script=30000.0}, pageLoadStrategy=normal, platform=ANY, specificationLevel=0.0, moz:accessibilityChecks=false,
                     acceptInsecureCerts=false, browserVersion=54.0.1, platformVersion=6.3, moz:processID=5596.0, browserName=firefox, javascriptEnabled=true,
                     platformName=windows_nt}]
                     Session ID: 8f8ad5b2-cc02-4f77-9b51-654265bb0ac0
                     
                  </a>
                   
                  
               </td>
            </tr>
            <tr>
               <td colspan="4" class="detailsBox">
                  <div id="orrangehrm.OrrangeHrm_startBrowser_byClass_FAIL1_details"
                       class="testMethodDetails">
                     <div>
                        <b>Name: </b>startBrowser
                     </div>
                     <div>
                        <b>Signature: </b>startBrowser()[pri:0, instance:orrangehrm.OrrangeHrm@3c756e4d]
                     </div>
                     <div>
                        <b>Start time: </b>11:10:35
                     </div>
                     <div>
                        <b>End time: </b>11:10:43
                     </div>
                     <div>
                        <b>Duration: </b>8s
                        
                     </div>
                  </div>
               </td>
            </tr>
            <tr>
               <td colspan="4" class="detailsBox">
                  <div id="orrangehrm.OrrangeHrm_startBrowser_byClass_FAIL1_exception"
                       class="testMethodDetails">
                     <pre style="padding: 5px; margin: 0;">org.openqa.selenium.WebDriverException: Failed to find width field
                        Build info: version: '3.4.0', revision: 'unknown', time: 'unknown'
                        System info: host: 'KABIR', ip: '192.168.2.5', os.name: 'Windows 8.1', os.arch: 'amd64', os.version: '6.3', java.version:
                        '1.8.0_121'
                        Driver info: org.openqa.selenium.firefox.FirefoxDriver
                        Capabilities [{moz:profile=C:\Users\KABIRA~1\AppData\Local\Temp\rust_mozprofile.ZKz2hhRsHqrL, rotatable=false, timeouts={implicit=0.0,
                        pageLoad=300000.0, script=30000.0}, pageLoadStrategy=normal, platform=ANY, specificationLevel=0.0, moz:accessibilityChecks=false,
                        acceptInsecureCerts=false, browserVersion=54.0.1, platformVersion=6.3, moz:processID=5596.0, browserName=firefox, javascriptEnabled=true,
                        platformName=windows_nt}]
                        Session ID: 8f8ad5b2-cc02-4f77-9b51-654265bb0ac0
                        	at sun.reflect.NativeConstructorAccessorImpl.newInstance0(Native Method)
                        	at sun.reflect.NativeConstructorAccessorImpl.newInstance(Unknown Source)
                        	at sun.reflect.DelegatingConstructorAccessorImpl.newInstance(Unknown Source)
                        	at java.lang.reflect.Constructor.newInstance(Unknown Source)
                        	at org.openqa.selenium.remote.http.W3CHttpResponseCodec.createException(W3CHttpResponseCodec.java:150)
                        	at org.openqa.selenium.remote.http.W3CHttpResponseCodec.decode(W3CHttpResponseCodec.java:115)
                        	at org.openqa.selenium.remote.http.W3CHttpResponseCodec.decode(W3CHttpResponseCodec.java:45)
                        	at org.openqa.selenium.remote.HttpCommandExecutor.execute(HttpCommandExecutor.java:164)
                        	at org.openqa.selenium.remote.service.DriverCommandExecutor.execute(DriverCommandExecutor.java:82)
                        	at org.openqa.selenium.remote.RemoteWebDriver.execute(RemoteWebDriver.java:637)
                        	at org.openqa.selenium.remote.RemoteWebDriver.execute(RemoteWebDriver.java:694)
                        	at org.openqa.selenium.remote.RemoteWebDriver$RemoteWebDriverOptions$RemoteWindow.maximize(RemoteWebDriver.java:925)
                        	at orrangehrm.OrrangeHrm.startBrowser(OrrangeHrm.java:18)
                        	at sun.reflect.NativeMethodAccessorImpl.invoke0(Native Method)
                        	at sun.reflect.NativeMethodAccessorImpl.invoke(Unknown Source)
                        	at sun.reflect.DelegatingMethodAccessorImpl.invoke(Unknown Source)
                        	at java.lang.reflect.Method.invoke(Unknown Source)
                        	at org.testng.internal.MethodInvocationHelper.invokeMethod(MethodInvocationHelper.java:108)
                        	at org.testng.internal.Invoker.invokeConfigurationMethod(Invoker.java:523)
                        	at org.testng.internal.Invoker.invokeConfigurations(Invoker.java:224)
                        	at org.testng.internal.Invoker.invokeConfigurations(Invoker.java:146)
                        	at org.testng.internal.TestMethodWorker.invokeBeforeClassMethods(TestMethodWorker.java:166)
                        	at org.testng.internal.TestMethodWorker.run(TestMethodWorker.java:105)
                        	at org.testng.TestRunner.privateRun(TestRunner.java:744)
                        	at org.testng.TestRunner.run(TestRunner.java:602)
                        	at org.testng.SuiteRunner.runTest(SuiteRunner.java:380)
                        	at org.testng.SuiteRunner.runSequentially(SuiteRunner.java:375)
                        	at org.testng.SuiteRunner.privateRun(SuiteRunner.java:340)
                        	at org.testng.SuiteRunner.run(SuiteRunner.java:289)
                        	at org.testng.SuiteRunnerWorker.runSuite(SuiteRunnerWorker.java:52)
                        	at org.testng.SuiteRunnerWorker.run(SuiteRunnerWorker.java:86)
                        	at org.testng.TestNG.runSuitesSequentially(TestNG.java:1301)
                        	at org.testng.TestNG.runSuitesLocally(TestNG.java:1226)
                        	at org.testng.TestNG.runSuites(TestNG.java:1144)
                        	at org.testng.TestNG.run(TestNG.java:1115)
                        	at org.testng.remote.AbstractRemoteTestNG.run(AbstractRemoteTestNG.java:132)
                        	at org.testng.remote.RemoteTestNG.initAndRun(RemoteTestNG.java:230)
                        	at org.testng.remote.RemoteTestNG.main(RemoteTestNG.java:76)
                     </pre>
                  </div>
               </td>
            </tr>
            <tr id="orrangehrm.OrrangeHrm_startApp_byClass_SKIP2_row"
                class="testMethodStatusSKIP">
               <td width="100%" class="firstMethodCell">
                  <a onclick="toggleDetailsVisibility('orrangehrm.OrrangeHrm_startApp_byClass_SKIP2_details')">startApp()</a>
               </td>
               <td nowrap="true">11:10:43</td>
               <td nowrap="true" align="right">0 ms
                  
               </td>
               <td nowrap="true">
                  <a onclick="toggleDetailsVisibility('orrangehrm.OrrangeHrm_startApp_byClass_SKIP2_exception')">org.openqa.selenium.WebDriverException: 
                     Failed to find width field
                     Build info: version: '3.4.0', revision: 'unknown', time: 'unknown'
                     System info: host: 'KABIR', ip: '192.168.2.5', os.name: 'Windows 8.1', os.arch: 'amd64', os.version: '6.3', java.version:
                     '1.8.0_121'
                     Driver info: org.openqa.selenium.firefox.FirefoxDriver
                     Capabilities [{moz:profile=C:\Users\KABIRA~1\AppData\Local\Temp\rust_mozprofile.ZKz2hhRsHqrL, rotatable=false, timeouts={implicit=0.0,
                     pageLoad=300000.0, script=30000.0}, pageLoadStrategy=normal, platform=ANY, specificationLevel=0.0, moz:accessibilityChecks=false,
                     acceptInsecureCerts=false, browserVersion=54.0.1, platformVersion=6.3, moz:processID=5596.0, browserName=firefox, javascriptEnabled=true,
                     platformName=windows_nt}]
                     Session ID: 8f8ad5b2-cc02-4f77-9b51-654265bb0ac0
                     
                  </a>
                   
                  
               </td>
            </tr>
            <tr>
               <td colspan="4" class="detailsBox">
                  <div id="orrangehrm.OrrangeHrm_startApp_byClass_SKIP2_details"
                       class="testMethodDetails">
                     <div>
                        <b>Name: </b>startApp
                     </div>
                     <div>
                        <b>Signature: </b>startApp()[pri:0, instance:orrangehrm.OrrangeHrm@3c756e4d]
                     </div>
                     <div>
                        <b>Start time: </b>11:10:43
                     </div>
                     <div>
                        <b>End time: </b>11:10:43
                     </div>
                     <div>
                        <b>Duration: </b>0 ms
                        
                     </div>
                  </div>
               </td>
            </tr>
            <tr>
               <td colspan="4" class="detailsBox">
                  <div id="orrangehrm.OrrangeHrm_startApp_byClass_SKIP2_exception"
                       class="testMethodDetails">
                     <pre style="padding: 5px; margin: 0;">org.openqa.selenium.WebDriverException: Failed to find width field
                        Build info: version: '3.4.0', revision: 'unknown', time: 'unknown'
                        System info: host: 'KABIR', ip: '192.168.2.5', os.name: 'Windows 8.1', os.arch: 'amd64', os.version: '6.3', java.version:
                        '1.8.0_121'
                        Driver info: org.openqa.selenium.firefox.FirefoxDriver
                        Capabilities [{moz:profile=C:\Users\KABIRA~1\AppData\Local\Temp\rust_mozprofile.ZKz2hhRsHqrL, rotatable=false, timeouts={implicit=0.0,
                        pageLoad=300000.0, script=30000.0}, pageLoadStrategy=normal, platform=ANY, specificationLevel=0.0, moz:accessibilityChecks=false,
                        acceptInsecureCerts=false, browserVersion=54.0.1, platformVersion=6.3, moz:processID=5596.0, browserName=firefox, javascriptEnabled=true,
                        platformName=windows_nt}]
                        Session ID: 8f8ad5b2-cc02-4f77-9b51-654265bb0ac0
                        	at sun.reflect.NativeConstructorAccessorImpl.newInstance0(Native Method)
                        	at sun.reflect.NativeConstructorAccessorImpl.newInstance(Unknown Source)
                        	at sun.reflect.DelegatingConstructorAccessorImpl.newInstance(Unknown Source)
                        	at java.lang.reflect.Constructor.newInstance(Unknown Source)
                        	at org.openqa.selenium.remote.http.W3CHttpResponseCodec.createException(W3CHttpResponseCodec.java:150)
                        	at org.openqa.selenium.remote.http.W3CHttpResponseCodec.decode(W3CHttpResponseCodec.java:115)
                        	at org.openqa.selenium.remote.http.W3CHttpResponseCodec.decode(W3CHttpResponseCodec.java:45)
                        	at org.openqa.selenium.remote.HttpCommandExecutor.execute(HttpCommandExecutor.java:164)
                        	at org.openqa.selenium.remote.service.DriverCommandExecutor.execute(DriverCommandExecutor.java:82)
                        	at org.openqa.selenium.remote.RemoteWebDriver.execute(RemoteWebDriver.java:637)
                        	at org.openqa.selenium.remote.RemoteWebDriver.execute(RemoteWebDriver.java:694)
                        	at org.openqa.selenium.remote.RemoteWebDriver$RemoteWebDriverOptions$RemoteWindow.maximize(RemoteWebDriver.java:925)
                        	at orrangehrm.OrrangeHrm.startBrowser(OrrangeHrm.java:18)
                        	at sun.reflect.NativeMethodAccessorImpl.invoke0(Native Method)
                        	at sun.reflect.NativeMethodAccessorImpl.invoke(Unknown Source)
                        	at sun.reflect.DelegatingMethodAccessorImpl.invoke(Unknown Source)
                        	at java.lang.reflect.Method.invoke(Unknown Source)
                        	at org.testng.internal.MethodInvocationHelper.invokeMethod(MethodInvocationHelper.java:108)
                        	at org.testng.internal.Invoker.invokeConfigurationMethod(Invoker.java:523)
                        	at org.testng.internal.Invoker.invokeConfigurations(Invoker.java:224)
                        	at org.testng.internal.Invoker.invokeConfigurations(Invoker.java:146)
                        	at org.testng.internal.TestMethodWorker.invokeBeforeClassMethods(TestMethodWorker.java:166)
                        	at org.testng.internal.TestMethodWorker.run(TestMethodWorker.java:105)
                        	at org.testng.TestRunner.privateRun(TestRunner.java:744)
                        	at org.testng.TestRunner.run(TestRunner.java:602)
                        	at org.testng.SuiteRunner.runTest(SuiteRunner.java:380)
                        	at org.testng.SuiteRunner.runSequentially(SuiteRunner.java:375)
                        	at org.testng.SuiteRunner.privateRun(SuiteRunner.java:340)
                        	at org.testng.SuiteRunner.run(SuiteRunner.java:289)
                        	at org.testng.SuiteRunnerWorker.runSuite(SuiteRunnerWorker.java:52)
                        	at org.testng.SuiteRunnerWorker.run(SuiteRunnerWorker.java:86)
                        	at org.testng.TestNG.runSuitesSequentially(TestNG.java:1301)
                        	at org.testng.TestNG.runSuitesLocally(TestNG.java:1226)
                        	at org.testng.TestNG.runSuites(TestNG.java:1144)
                        	at org.testng.TestNG.run(TestNG.java:1115)
                        	at org.testng.remote.AbstractRemoteTestNG.run(AbstractRemoteTestNG.java:132)
                        	at org.testng.remote.RemoteTestNG.initAndRun(RemoteTestNG.java:230)
                        	at org.testng.remote.RemoteTestNG.main(RemoteTestNG.java:76)
                     </pre>
                  </div>
               </td>
            </tr>
            <tr id="orrangehrm.OrrangeHrm_loginApp_byClass_SKIP3_row"
                class="testMethodStatusSKIP">
               <td width="100%" class="firstMethodCell">
                  <a onclick="toggleDetailsVisibility('orrangehrm.OrrangeHrm_loginApp_byClass_SKIP3_details')">loginApp()</a>
               </td>
               <td nowrap="true">11:10:43</td>
               <td nowrap="true" align="right">0 ms
                  
               </td>
               <td nowrap="true">
                  <a onclick="toggleDetailsVisibility('orrangehrm.OrrangeHrm_loginApp_byClass_SKIP3_exception')">java.lang.Throwable: 
                     Method OrrangeHrm.loginApp()[pri:0, instance:orrangehrm.OrrangeHrm@3c756e4d] depends on not successfully finished methods
                     
                  </a>
                   
                  
               </td>
            </tr>
            <tr>
               <td colspan="4" class="detailsBox">
                  <div id="orrangehrm.OrrangeHrm_loginApp_byClass_SKIP3_details"
                       class="testMethodDetails">
                     <div>
                        <b>Name: </b>loginApp
                     </div>
                     <div>
                        <b>Signature: </b>loginApp()[pri:0, instance:orrangehrm.OrrangeHrm@3c756e4d]
                     </div>
                     <div>
                        <b>Start time: </b>11:10:43
                     </div>
                     <div>
                        <b>End time: </b>11:10:43
                     </div>
                     <div>
                        <b>Duration: </b>0 ms
                        
                     </div>
                     <div>
                        <b>Depends on methods:
                           
                        </b>
                        <div>
                               -
                           orrangehrm.OrrangeHrm.startApp
                        </div>
                     </div>
                  </div>
               </td>
            </tr>
            <tr>
               <td colspan="4" class="detailsBox">
                  <div id="orrangehrm.OrrangeHrm_loginApp_byClass_SKIP3_exception"
                       class="testMethodDetails">
                     <pre style="padding: 5px; margin: 0;">java.lang.Throwable: Method OrrangeHrm.loginApp()[pri:0, instance:orrangehrm.OrrangeHrm@3c756e4d] depends on not successfully
                        finished methods
                        	at org.testng.internal.Invoker.invokeTestMethods(Invoker.java:1084)
                        	at org.testng.internal.TestMethodWorker.invokeTestMethods(TestMethodWorker.java:126)
                        	at org.testng.internal.TestMethodWorker.run(TestMethodWorker.java:109)
                        	at org.testng.TestRunner.privateRun(TestRunner.java:744)
                        	at org.testng.TestRunner.run(TestRunner.java:602)
                        	at org.testng.SuiteRunner.runTest(SuiteRunner.java:380)
                        	at org.testng.SuiteRunner.runSequentially(SuiteRunner.java:375)
                        	at org.testng.SuiteRunner.privateRun(SuiteRunner.java:340)
                        	at org.testng.SuiteRunner.run(SuiteRunner.java:289)
                        	at org.testng.SuiteRunnerWorker.runSuite(SuiteRunnerWorker.java:52)
                        	at org.testng.SuiteRunnerWorker.run(SuiteRunnerWorker.java:86)
                        	at org.testng.TestNG.runSuitesSequentially(TestNG.java:1301)
                        	at org.testng.TestNG.runSuitesLocally(TestNG.java:1226)
                        	at org.testng.TestNG.runSuites(TestNG.java:1144)
                        	at org.testng.TestNG.run(TestNG.java:1115)
                        	at org.testng.remote.AbstractRemoteTestNG.run(AbstractRemoteTestNG.java:132)
                        	at org.testng.remote.RemoteTestNG.initAndRun(RemoteTestNG.java:230)
                        	at org.testng.remote.RemoteTestNG.main(RemoteTestNG.java:76)
                     </pre>
                  </div>
               </td>
            </tr>
            <tr id="orrangehrm.OrrangeHrm_logoutApp_byClass_SKIP4_row"
                class="testMethodStatusSKIP">
               <td width="100%" class="firstMethodCell">
                  <a onclick="toggleDetailsVisibility('orrangehrm.OrrangeHrm_logoutApp_byClass_SKIP4_details')">logoutApp()</a>
               </td>
               <td nowrap="true">11:10:43</td>
               <td nowrap="true" align="right">0 ms
                  
               </td>
               <td nowrap="true">
                  <a onclick="toggleDetailsVisibility('orrangehrm.OrrangeHrm_logoutApp_byClass_SKIP4_exception')">java.lang.Throwable: 
                     Method OrrangeHrm.logoutApp()[pri:0, instance:orrangehrm.OrrangeHrm@3c756e4d] depends on not successfully finished methods
                     
                  </a>
                   
                  
               </td>
            </tr>
            <tr>
               <td colspan="4" class="detailsBox">
                  <div id="orrangehrm.OrrangeHrm_logoutApp_byClass_SKIP4_details"
                       class="testMethodDetails">
                     <div>
                        <b>Name: </b>logoutApp
                     </div>
                     <div>
                        <b>Signature: </b>logoutApp()[pri:0, instance:orrangehrm.OrrangeHrm@3c756e4d]
                     </div>
                     <div>
                        <b>Start time: </b>11:10:43
                     </div>
                     <div>
                        <b>End time: </b>11:10:43
                     </div>
                     <div>
                        <b>Duration: </b>0 ms
                        
                     </div>
                     <div>
                        <b>Depends on methods:
                           
                        </b>
                        <div>
                               -
                           orrangehrm.OrrangeHrm.loginApp
                        </div>
                     </div>
                  </div>
               </td>
            </tr>
            <tr>
               <td colspan="4" class="detailsBox">
                  <div id="orrangehrm.OrrangeHrm_logoutApp_byClass_SKIP4_exception"
                       class="testMethodDetails">
                     <pre style="padding: 5px; margin: 0;">java.lang.Throwable: Method OrrangeHrm.logoutApp()[pri:0, instance:orrangehrm.OrrangeHrm@3c756e4d] depends on not successfully
                        finished methods
                        	at org.testng.internal.Invoker.invokeTestMethods(Invoker.java:1084)
                        	at org.testng.internal.TestMethodWorker.invokeTestMethods(TestMethodWorker.java:126)
                        	at org.testng.internal.TestMethodWorker.run(TestMethodWorker.java:109)
                        	at org.testng.TestRunner.privateRun(TestRunner.java:744)
                        	at org.testng.TestRunner.run(TestRunner.java:602)
                        	at org.testng.SuiteRunner.runTest(SuiteRunner.java:380)
                        	at org.testng.SuiteRunner.runSequentially(SuiteRunner.java:375)
                        	at org.testng.SuiteRunner.privateRun(SuiteRunner.java:340)
                        	at org.testng.SuiteRunner.run(SuiteRunner.java:289)
                        	at org.testng.SuiteRunnerWorker.runSuite(SuiteRunnerWorker.java:52)
                        	at org.testng.SuiteRunnerWorker.run(SuiteRunnerWorker.java:86)
                        	at org.testng.TestNG.runSuitesSequentially(TestNG.java:1301)
                        	at org.testng.TestNG.runSuitesLocally(TestNG.java:1226)
                        	at org.testng.TestNG.runSuites(TestNG.java:1144)
                        	at org.testng.TestNG.run(TestNG.java:1115)
                        	at org.testng.remote.AbstractRemoteTestNG.run(AbstractRemoteTestNG.java:132)
                        	at org.testng.remote.RemoteTestNG.initAndRun(RemoteTestNG.java:230)
                        	at org.testng.remote.RemoteTestNG.main(RemoteTestNG.java:76)
                     </pre>
                  </div>
               </td>
            </tr>
            <tr id="orrangehrm.OrrangeHrm_closeApp_byClass_SKIP5_row"
                class="testMethodStatusSKIP testMethodStatusCONF">
               <td width="100%" class="firstMethodCell">
                  <a onclick="toggleDetailsVisibility('orrangehrm.OrrangeHrm_closeApp_byClass_SKIP5_details')">closeApp()</a>
               </td>
               <td nowrap="true">11:10:43</td>
               <td nowrap="true" align="right">0 ms
                  
               </td>
               <td nowrap="true">
                   
                  
               </td>
            </tr>
            <tr>
               <td colspan="4" class="detailsBox">
                  <div id="orrangehrm.OrrangeHrm_closeApp_byClass_SKIP5_details"
                       class="testMethodDetails">
                     <div>
                        <b>Name: </b>closeApp
                     </div>
                     <div>
                        <b>Signature: </b>closeApp()[pri:0, instance:orrangehrm.OrrangeHrm@3c756e4d]
                     </div>
                     <div>
                        <b>Start time: </b>11:10:43
                     </div>
                     <div>
                        <b>End time: </b>11:10:43
                     </div>
                     <div>
                        <b>Duration: </b>0 ms
                        
                     </div>
                  </div>
               </td>
            </tr>
            <tr></tr>
         </table>
         <br></br>
      </div>
      <div style="margin-top: 15px; color: gray; text-align: center; font-size: 9px;">
         Generated with
         
         <a href="http://code.google.com/p/testng-xslt/" style="color: #8888aa;"
            target="_blank">
            TestNG XSLT
            
         </a>
      </div>
   </body>
</html>