<?xml version="1.0" encoding="UTF-8"?>
<!-- Generated by org.testng.reporters.JUnitXMLReporter -->
<testsuite hostname="Kabir" ignored="0" name="Default test" tests="3" failures="0" timestamp="12 Aug 2017 03:24:30 GMT" time="50.525" errors="0">
  <testcase name="startApp" time="9.071" classname="orrangehrm.OrrangeHrm"/>
  <testcase name="loginApp" time="15.923" classname="orrangehrm.OrrangeHrm"/>
  <testcase name="logoutApp" time="12.224" classname="orrangehrm.OrrangeHrm"/>
</testsuite> <!-- Default test -->
